  Compiling CUDA source file cuda_lib_test.cu...
  
  C:\Users\Bruce\source\repos\cuda_lib\cuda_lib>"C:\Program Files\NVIDIA GPU Computing Toolkit\CUDA\v10.2\bin\nvcc.exe" -gencode=arch=compute_30,code=\"sm_30,compute_30\" --use-local-env -ccbin "C:\Program Files (x86)\Microsoft Visual Studio\2017\Community\VC\Tools\MSVC\14.16.27023\bin\HostX86\x64" -x cu  -I"C:\Program Files\NVIDIA GPU Computing Toolkit\CUDA\v10.2\include" -I"C:\Program Files\NVIDIA GPU Computing Toolkit\CUDA\v10.2\include"     --keep-dir x64\Release -maxrregcount=0  --machine 64 --compile -cudart static     -DWIN32 -DWIN64 -DNDEBUG -D_CONSOLE -D_MBCS -Xcompiler "/EHsc /W3 /nologo /O2 /Fdx64\Release\cuda_lib.pdb /FS /Zi  /MD " -o x64\Release\cuda_lib_test.cu.obj "C:\Users\Bruce\source\repos\cuda_lib\cuda_lib\cuda_lib_test.cu" 
C:\Program Files\NVIDIA GPU Computing Toolkit\CUDA\v10.2\include\cuda_runtime.h : warning C4819: 檔案含有無法在目前字碼頁 (950) 中表示的字元。請以 Unicode 格式儲存檔案以防止資料遺失
c:\program files\nvidia gpu computing toolkit\cuda\v10.2\include\cuda_runtime_api.h(1430): warning C4819: 檔案含有無法在目前字碼頁 (950) 中表示的字元。請以 Unicode 格式儲存檔案以防止資料遺失
c:\program files\nvidia gpu computing toolkit\cuda\v10.2\include\cuda_runtime_api.h(3323): warning C4819: 檔案含有無法在目前字碼頁 (950) 中表示的字元。請以 Unicode 格式儲存檔案以防止資料遺失
c:\program files\nvidia gpu computing toolkit\cuda\v10.2\include\cuda_runtime_api.h(9348): warning C4819: 檔案含有無法在目前字碼頁 (950) 中表示的字元。請以 Unicode 格式儲存檔案以防止資料遺失
c:\program files\nvidia gpu computing toolkit\cuda\v10.2\include\cuda_runtime_api.h(1430): warning C4819: 檔案含有無法在目前字碼頁 (950) 中表示的字元。請以 Unicode 格式儲存檔案以防止資料遺失
c:\program files\nvidia gpu computing toolkit\cuda\v10.2\include\cuda_runtime_api.h(3323): warning C4819: 檔案含有無法在目前字碼頁 (950) 中表示的字元。請以 Unicode 格式儲存檔案以防止資料遺失
c:\program files\nvidia gpu computing toolkit\cuda\v10.2\include\cuda_runtime_api.h(9348): warning C4819: 檔案含有無法在目前字碼頁 (950) 中表示的字元。請以 Unicode 格式儲存檔案以防止資料遺失
c:\program files\nvidia gpu computing toolkit\cuda\v10.2\include\cuda_runtime_api.h(1430): warning C4819: 檔案含有無法在目前字碼頁 (950) 中表示的字元。請以 Unicode 格式儲存檔案以防止資料遺失
c:\program files\nvidia gpu computing toolkit\cuda\v10.2\include\cuda_runtime_api.h(3323): warning C4819: 檔案含有無法在目前字碼頁 (950) 中表示的字元。請以 Unicode 格式儲存檔案以防止資料遺失
c:\program files\nvidia gpu computing toolkit\cuda\v10.2\include\cuda_runtime_api.h(9348): warning C4819: 檔案含有無法在目前字碼頁 (950) 中表示的字元。請以 Unicode 格式儲存檔案以防止資料遺失
c:\program files\nvidia gpu computing toolkit\cuda\v10.2\include\cuda_runtime_api.h(1430): warning C4819: 檔案含有無法在目前字碼頁 (950) 中表示的字元。請以 Unicode 格式儲存檔案以防止資料遺失
c:\program files\nvidia gpu computing toolkit\cuda\v10.2\include\cuda_runtime_api.h(3323): warning C4819: 檔案含有無法在目前字碼頁 (950) 中表示的字元。請以 Unicode 格式儲存檔案以防止資料遺失
c:\program files\nvidia gpu computing toolkit\cuda\v10.2\include\cuda_runtime_api.h(9348): warning C4819: 檔案含有無法在目前字碼頁 (950) 中表示的字元。請以 Unicode 格式儲存檔案以防止資料遺失
c:\program files\nvidia gpu computing toolkit\cuda\v10.2\include\cuda_runtime_api.h(1430): warning C4819: 檔案含有無法在目前字碼頁 (950) 中表示的字元。請以 Unicode 格式儲存檔案以防止資料遺失
c:\program files\nvidia gpu computing toolkit\cuda\v10.2\include\cuda_runtime_api.h(3323): warning C4819: 檔案含有無法在目前字碼頁 (950) 中表示的字元。請以 Unicode 格式儲存檔案以防止資料遺失
c:\program files\nvidia gpu computing toolkit\cuda\v10.2\include\cuda_runtime_api.h(9348): warning C4819: 檔案含有無法在目前字碼頁 (950) 中表示的字元。請以 Unicode 格式儲存檔案以防止資料遺失
c:\program files\nvidia gpu computing toolkit\cuda\v10.2\include\cuda_runtime_api.h(1430): warning C4819: 檔案含有無法在目前字碼頁 (950) 中表示的字元。請以 Unicode 格式儲存檔案以防止資料遺失
c:\program files\nvidia gpu computing toolkit\cuda\v10.2\include\cuda_runtime_api.h(3323): warning C4819: 檔案含有無法在目前字碼頁 (950) 中表示的字元。請以 Unicode 格式儲存檔案以防止資料遺失
c:\program files\nvidia gpu computing toolkit\cuda\v10.2\include\cuda_runtime_api.h(9348): warning C4819: 檔案含有無法在目前字碼頁 (950) 中表示的字元。請以 Unicode 格式儲存檔案以防止資料遺失
c:\program files\nvidia gpu computing toolkit\cuda\v10.2\include\cuda_runtime_api.h(1430): warning C4819: 檔案含有無法在目前字碼頁 (950) 中表示的字元。請以 Unicode 格式儲存檔案以防止資料遺失
c:\program files\nvidia gpu computing toolkit\cuda\v10.2\include\cuda_runtime_api.h(3323): warning C4819: 檔案含有無法在目前字碼頁 (950) 中表示的字元。請以 Unicode 格式儲存檔案以防止資料遺失
c:\program files\nvidia gpu computing toolkit\cuda\v10.2\include\cuda_runtime_api.h(9348): warning C4819: 檔案含有無法在目前字碼頁 (950) 中表示的字元。請以 Unicode 格式儲存檔案以防止資料遺失
c:\program files\nvidia gpu computing toolkit\cuda\v10.2\include\cuda_runtime_api.h(1430): warning C4819: 檔案含有無法在目前字碼頁 (950) 中表示的字元。請以 Unicode 格式儲存檔案以防止資料遺失
c:\program files\nvidia gpu computing toolkit\cuda\v10.2\include\cuda_runtime_api.h(3323): warning C4819: 檔案含有無法在目前字碼頁 (950) 中表示的字元。請以 Unicode 格式儲存檔案以防止資料遺失
c:\program files\nvidia gpu computing toolkit\cuda\v10.2\include\cuda_runtime_api.h(9348): warning C4819: 檔案含有無法在目前字碼頁 (950) 中表示的字元。請以 Unicode 格式儲存檔案以防止資料遺失
c:\program files\nvidia gpu computing toolkit\cuda\v10.2\include\cuda_runtime_api.h(1430): warning C4819: 檔案含有無法在目前字碼頁 (950) 中表示的字元。請以 Unicode 格式儲存檔案以防止資料遺失
c:\program files\nvidia gpu computing toolkit\cuda\v10.2\include\cuda_runtime_api.h(3323): warning C4819: 檔案含有無法在目前字碼頁 (950) 中表示的字元。請以 Unicode 格式儲存檔案以防止資料遺失
c:\program files\nvidia gpu computing toolkit\cuda\v10.2\include\cuda_runtime_api.h(9348): warning C4819: 檔案含有無法在目前字碼頁 (950) 中表示的字元。請以 Unicode 格式儲存檔案以防止資料遺失
c:\program files\nvidia gpu computing toolkit\cuda\v10.2\include\cuda_runtime_api.h(1430): warning C4819: 檔案含有無法在目前字碼頁 (950) 中表示的字元。請以 Unicode 格式儲存檔案以防止資料遺失
c:\program files\nvidia gpu computing toolkit\cuda\v10.2\include\cuda_runtime_api.h(3323): warning C4819: 檔案含有無法在目前字碼頁 (950) 中表示的字元。請以 Unicode 格式儲存檔案以防止資料遺失
c:\program files\nvidia gpu computing toolkit\cuda\v10.2\include\cuda_runtime_api.h(9348): warning C4819: 檔案含有無法在目前字碼頁 (950) 中表示的字元。請以 Unicode 格式儲存檔案以防止資料遺失
c:\program files\nvidia gpu computing toolkit\cuda\v10.2\include\cuda_runtime_api.h(1430): warning C4819: 檔案含有無法在目前字碼頁 (950) 中表示的字元。請以 Unicode 格式儲存檔案以防止資料遺失
c:\program files\nvidia gpu computing toolkit\cuda\v10.2\include\cuda_runtime_api.h(3323): warning C4819: 檔案含有無法在目前字碼頁 (950) 中表示的字元。請以 Unicode 格式儲存檔案以防止資料遺失
c:\program files\nvidia gpu computing toolkit\cuda\v10.2\include\cuda_runtime_api.h(9348): warning C4819: 檔案含有無法在目前字碼頁 (950) 中表示的字元。請以 Unicode 格式儲存檔案以防止資料遺失
c:\program files\nvidia gpu computing toolkit\cuda\v10.2\include\cuda_runtime_api.h(1430): warning C4819: 檔案含有無法在目前字碼頁 (950) 中表示的字元。請以 Unicode 格式儲存檔案以防止資料遺失
c:\program files\nvidia gpu computing toolkit\cuda\v10.2\include\cuda_runtime_api.h(3323): warning C4819: 檔案含有無法在目前字碼頁 (950) 中表示的字元。請以 Unicode 格式儲存檔案以防止資料遺失
c:\program files\nvidia gpu computing toolkit\cuda\v10.2\include\cuda_runtime_api.h(9348): warning C4819: 檔案含有無法在目前字碼頁 (950) 中表示的字元。請以 Unicode 格式儲存檔案以防止資料遺失
c:\program files\nvidia gpu computing toolkit\cuda\v10.2\include\sm_20_intrinsics.h : warning C4819: 檔案含有無法在目前字碼頁 (950) 中表示的字元。請以 Unicode 格式儲存檔案以防止資料遺失
c:\program files\nvidia gpu computing toolkit\cuda\v10.2\include\cuda_runtime_api.h(1430): warning C4819: 檔案含有無法在目前字碼頁 (950) 中表示的字元。請以 Unicode 格式儲存檔案以防止資料遺失
c:\program files\nvidia gpu computing toolkit\cuda\v10.2\include\cuda_runtime_api.h(3323): warning C4819: 檔案含有無法在目前字碼頁 (950) 中表示的字元。請以 Unicode 格式儲存檔案以防止資料遺失
c:\program files\nvidia gpu computing toolkit\cuda\v10.2\include\cuda_runtime_api.h(9348): warning C4819: 檔案含有無法在目前字碼頁 (950) 中表示的字元。請以 Unicode 格式儲存檔案以防止資料遺失
c:\program files\nvidia gpu computing toolkit\cuda\v10.2\include\sm_20_intrinsics.h(925): warning C4819: 檔案含有無法在目前字碼頁 (950) 中表示的字元。請以 Unicode 格式儲存檔案以防止資料遺失
c:\program files\nvidia gpu computing toolkit\cuda\v10.2\include\cuda_runtime_api.h(1430): warning C4819: 檔案含有無法在目前字碼頁 (950) 中表示的字元。請以 Unicode 格式儲存檔案以防止資料遺失
c:\program files\nvidia gpu computing toolkit\cuda\v10.2\include\cuda_runtime_api.h(3323): warning C4819: 檔案含有無法在目前字碼頁 (950) 中表示的字元。請以 Unicode 格式儲存檔案以防止資料遺失
c:\program files\nvidia gpu computing toolkit\cuda\v10.2\include\cuda_runtime_api.h(9348): warning C4819: 檔案含有無法在目前字碼頁 (950) 中表示的字元。請以 Unicode 格式儲存檔案以防止資料遺失
c:\program files\nvidia gpu computing toolkit\cuda\v10.2\include\cuda_runtime_api.h(1430): warning C4819: 檔案含有無法在目前字碼頁 (950) 中表示的字元。請以 Unicode 格式儲存檔案以防止資料遺失
c:\program files\nvidia gpu computing toolkit\cuda\v10.2\include\cuda_runtime_api.h(3323): warning C4819: 檔案含有無法在目前字碼頁 (950) 中表示的字元。請以 Unicode 格式儲存檔案以防止資料遺失
c:\program files\nvidia gpu computing toolkit\cuda\v10.2\include\cuda_runtime_api.h(9348): warning C4819: 檔案含有無法在目前字碼頁 (950) 中表示的字元。請以 Unicode 格式儲存檔案以防止資料遺失
c:\program files\nvidia gpu computing toolkit\cuda\v10.2\include\cuda_runtime_api.h(1430): warning C4819: 檔案含有無法在目前字碼頁 (950) 中表示的字元。請以 Unicode 格式儲存檔案以防止資料遺失
c:\program files\nvidia gpu computing toolkit\cuda\v10.2\include\cuda_runtime_api.h(3323): warning C4819: 檔案含有無法在目前字碼頁 (950) 中表示的字元。請以 Unicode 格式儲存檔案以防止資料遺失
c:\program files\nvidia gpu computing toolkit\cuda\v10.2\include\cuda_runtime_api.h(9348): warning C4819: 檔案含有無法在目前字碼頁 (950) 中表示的字元。請以 Unicode 格式儲存檔案以防止資料遺失
c:\program files\nvidia gpu computing toolkit\cuda\v10.2\include\cuda_runtime_api.h(1430): warning C4819: 檔案含有無法在目前字碼頁 (950) 中表示的字元。請以 Unicode 格式儲存檔案以防止資料遺失
c:\program files\nvidia gpu computing toolkit\cuda\v10.2\include\cuda_runtime_api.h(3323): warning C4819: 檔案含有無法在目前字碼頁 (950) 中表示的字元。請以 Unicode 格式儲存檔案以防止資料遺失
c:\program files\nvidia gpu computing toolkit\cuda\v10.2\include\cuda_runtime_api.h(9348): warning C4819: 檔案含有無法在目前字碼頁 (950) 中表示的字元。請以 Unicode 格式儲存檔案以防止資料遺失
c:\program files\nvidia gpu computing toolkit\cuda\v10.2\include\cuda_runtime_api.h(1430): warning C4819: 檔案含有無法在目前字碼頁 (950) 中表示的字元。請以 Unicode 格式儲存檔案以防止資料遺失
c:\program files\nvidia gpu computing toolkit\cuda\v10.2\include\cuda_runtime_api.h(3323): warning C4819: 檔案含有無法在目前字碼頁 (950) 中表示的字元。請以 Unicode 格式儲存檔案以防止資料遺失
c:\program files\nvidia gpu computing toolkit\cuda\v10.2\include\cuda_runtime_api.h(9348): warning C4819: 檔案含有無法在目前字碼頁 (950) 中表示的字元。請以 Unicode 格式儲存檔案以防止資料遺失
c:\program files\nvidia gpu computing toolkit\cuda\v10.2\include\cuda_runtime_api.h(1430): warning C4819: 檔案含有無法在目前字碼頁 (950) 中表示的字元。請以 Unicode 格式儲存檔案以防止資料遺失
c:\program files\nvidia gpu computing toolkit\cuda\v10.2\include\cuda_runtime_api.h(3323): warning C4819: 檔案含有無法在目前字碼頁 (950) 中表示的字元。請以 Unicode 格式儲存檔案以防止資料遺失
c:\program files\nvidia gpu computing toolkit\cuda\v10.2\include\cuda_runtime_api.h(9348): warning C4819: 檔案含有無法在目前字碼頁 (950) 中表示的字元。請以 Unicode 格式儲存檔案以防止資料遺失
c:\program files\nvidia gpu computing toolkit\cuda\v10.2\include\cuda_runtime_api.h(1430): warning C4819: 檔案含有無法在目前字碼頁 (950) 中表示的字元。請以 Unicode 格式儲存檔案以防止資料遺失
c:\program files\nvidia gpu computing toolkit\cuda\v10.2\include\cuda_runtime_api.h(3323): warning C4819: 檔案含有無法在目前字碼頁 (950) 中表示的字元。請以 Unicode 格式儲存檔案以防止資料遺失
c:\program files\nvidia gpu computing toolkit\cuda\v10.2\include\cuda_runtime_api.h(9348): warning C4819: 檔案含有無法在目前字碼頁 (950) 中表示的字元。請以 Unicode 格式儲存檔案以防止資料遺失
C:\Program Files\NVIDIA GPU Computing Toolkit\CUDA\v10.2\include\cuda_runtime.h : warning C4819: 檔案含有無法在目前字碼頁 (950) 中表示的字元。請以 Unicode 格式儲存檔案以防止資料遺失
C:/Users/Bruce/source/repos/cuda_lib/cuda_lib/cuda_lib_test.cu(22): error : calling a __host__ function("std::operator <<<char,     ::std::char_traits<char> , ::std::allocator<char> > ") from a __global__ function("SingleLoop") is not allowed
  
C:/Users/Bruce/source/repos/cuda_lib/cuda_lib/cuda_lib_test.cu(22): error : identifier "std::operator <<<char,     ::std::char_traits<char> , ::std::allocator<char> > " is undefined in device code
  
C:/Users/Bruce/source/repos/cuda_lib/cuda_lib/cuda_lib_test.cu(22): error : calling a __host__ function("std::to_string") from a __global__ function("SingleLoop") is not allowed
  
C:/Users/Bruce/source/repos/cuda_lib/cuda_lib/cuda_lib_test.cu(22): error : identifier "std::to_string" is undefined in device code
  
C:/Users/Bruce/source/repos/cuda_lib/cuda_lib/cuda_lib_test.cu(22): error : calling a __host__ function("std::basic_string<char, std::char_traits<char>, std::allocator<char> >::~basic_string") from a __global__ function("SingleLoop") is not allowed
  
C:/Users/Bruce/source/repos/cuda_lib/cuda_lib/cuda_lib_test.cu(22): error : identifier "std::basic_string<char, std::char_traits<char>, std::allocator<char> >::~basic_string" is undefined in device code
  
  6 errors detected in the compilation of "C:/Users/Bruce/AppData/Local/Temp/tmpxft_000004ec_00000000-7_cuda_lib_test.cpp1.ii".
  cuda_lib_test.cu
C:\Program Files (x86)\Microsoft Visual Studio\2017\Community\Common7\IDE\VC\VCTargets\BuildCustomizations\CUDA 10.2.targets(764,9): error MSB3721: 命令 ""C:\Program Files\NVIDIA GPU Computing Toolkit\CUDA\v10.2\bin\nvcc.exe" -gencode=arch=compute_30,code=\"sm_30,compute_30\" --use-local-env -ccbin "C:\Program Files (x86)\Microsoft Visual Studio\2017\Community\VC\Tools\MSVC\14.16.27023\bin\HostX86\x64" -x cu  -I"C:\Program Files\NVIDIA GPU Computing Toolkit\CUDA\v10.2\include" -I"C:\Program Files\NVIDIA GPU Computing Toolkit\CUDA\v10.2\include"     --keep-dir x64\Release -maxrregcount=0  --machine 64 --compile -cudart static     -DWIN32 -DWIN64 -DNDEBUG -D_CONSOLE -D_MBCS -Xcompiler "/EHsc /W3 /nologo /O2 /Fdx64\Release\cuda_lib.pdb /FS /Zi  /MD " -o x64\Release\cuda_lib_test.cu.obj "C:\Users\Bruce\source\repos\cuda_lib\cuda_lib\cuda_lib_test.cu"" 已結束，代碼為 1。
